# JRE version: OpenJDK Runtime Environment (8.0_202) (build 1.8.0_202-release-1483-b49-5587405)
# Java VM: OpenJDK 64-Bit Server VM (25.202-b49-5587405 mixed mode linux-amd64 compressed oops)
Heap:
 PSYoungGen      total 469504K, used 0K [0x00000000e0000000, 0x0000000100000000, 0x0000000100000000)
  eden space 414720K, 0% used [0x00000000e0000000,0x00000000e0000000,0x00000000f9500000)
  from space 54784K, 0% used [0x00000000f9500000,0x00000000f9500000,0x00000000fca80000)
  to   space 54784K, 0% used [0x00000000fca80000,0x00000000fca80000,0x0000000100000000)
 ParOldGen       total 316416K, used 268159K [0x00000000a0000000, 0x00000000b3500000, 0x00000000e0000000)
  object space 316416K, 84% used [0x00000000a0000000,0x00000000b05dfee0,0x00000000b3500000)
 Metaspace       used 108511K, capacity 113672K, committed 113856K, reserved 1148928K
  class space    used 13765K, capacity 14767K, committed 14848K, reserved 1048576K
GC Heap History (10 events):
Event: 297.683 GC heap after
Heap after GC invocations=50 (full 5):
 PSYoungGen      total 489984K, used 7136K [0x00000000e0000000, 0x00000000fff00000, 0x0000000100000000)
  eden space 457728K, 0% used [0x00000000e0000000,0x00000000e0000000,0x00000000fbf00000)
  from space 32256K, 22% used [0x00000000fbf00000,0x00000000fc5f8000,0x00000000fde80000)
  to   space 31744K, 0% used [0x00000000fe000000,0x00000000fe000000,0x00000000fff00000)
 ParOldGen       total 316416K, used 160688K [0x00000000a0000000, 0x00000000b3500000, 0x00000000e0000000)
  object space 316416K, 50% used [0x00000000a0000000,0x00000000a9cec208,0x00000000b3500000)
 Metaspace       used 108010K, capacity 113114K, committed 113344K, reserved 1148928K
  class space    used 13746K, capacity 14726K, committed 14848K, reserved 1048576K
}
Event: 298.277 GC heap before
{Heap before GC invocations=51 (full 5):
 PSYoungGen      total 489984K, used 464864K [0x00000000e0000000, 0x00000000fff00000, 0x0000000100000000)
  eden space 457728K, 100% used [0x00000000e0000000,0x00000000fbf00000,0x00000000fbf00000)
  from space 32256K, 22% used [0x00000000fbf00000,0x00000000fc5f8000,0x00000000fde80000)
  to   space 31744K, 0% used [0x00000000fe000000,0x00000000fe000000,0x00000000fff00000)
 ParOldGen       total 316416K, used 160688K [0x00000000a0000000, 0x00000000b3500000, 0x00000000e0000000)
  object space 316416K, 50% used [0x00000000a0000000,0x00000000a9cec208,0x00000000b3500000)
 Metaspace       used 108016K, capacity 113118K, committed 113344K, reserved 1148928K
  class space    used 13746K, capacity 14726K, committed 14848K, reserved 1048576K
Event: 298.292 GC heap after
Heap after GC invocations=51 (full 5):
 PSYoungGen      total 491520K, used 7695K [0x00000000e0000000, 0x00000000ffe80000, 0x0000000100000000)
  eden space 460288K, 0% used [0x00000000e0000000,0x00000000e0000000,0x00000000fc180000)
  from space 31232K, 24% used [0x00000000fe000000,0x00000000fe783e10,0x00000000ffe80000)
  to   space 31232K, 0% used [0x00000000fc180000,0x00000000fc180000,0x00000000fe000000)
 ParOldGen       total 316416K, used 166238K [0x00000000a0000000, 0x00000000b3500000, 0x00000000e0000000)
  object space 316416K, 52% used [0x00000000a0000000,0x00000000aa257950,0x00000000b3500000)
 Metaspace       used 108016K, capacity 113118K, committed 113344K, reserved 1148928K
  class space    used 13746K, capacity 14726K, committed 14848K, reserved 1048576K
}
Event: 299.123 GC heap before
{Heap before GC invocations=52 (full 5):
 PSYoungGen      total 491520K, used 467983K [0x00000000e0000000, 0x00000000ffe80000, 0x0000000100000000)
  eden space 460288K, 100% used [0x00000000e0000000,0x00000000fc180000,0x00000000fc180000)
  from space 31232K, 24% used [0x00000000fe000000,0x00000000fe783e10,0x00000000ffe80000)
  to   space 31232K, 0% used [0x00000000fc180000,0x00000000fc180000,0x00000000fe000000)
 ParOldGen       total 316416K, used 166238K [0x00000000a0000000, 0x00000000b3500000, 0x00000000e0000000)
  object space 316416K, 52% used [0x00000000a0000000,0x00000000aa257950,0x00000000b3500000)
 Metaspace       used 108060K, capacity 113188K, committed 113600K, reserved 1148928K
  class space    used 13747K, capacity 14727K, committed 14848K, reserved 1048576K
Event: 299.144 GC heap after
Heap after GC invocations=52 (full 5):
 PSYoungGen      total 473600K, used 13039K [0x00000000e0000000, 0x00000000ffc00000, 0x0000000100000000)
  eden space 460288K, 0% used [0x00000000e0000000,0x00000000e0000000,0x00000000fc180000)
  from space 13312K, 97% used [0x00000000fc180000,0x00000000fce3bd28,0x00000000fce80000)
  to   space 29184K, 0% used [0x00000000fdf80000,0x00000000fdf80000,0x00000000ffc00000)
 ParOldGen       total 316416K, used 170754K [0x00000000a0000000, 0x00000000b3500000, 0x00000000e0000000)
  object space 316416K, 53% used [0x00000000a0000000,0x00000000aa6c0aa8,0x00000000b3500000)
 Metaspace       used 108060K, capacity 113188K, committed 113600K, reserved 1148928K
  class space    used 13747K, capacity 14727K, committed 14848K, reserved 1048576K
}
Event: 300.299 GC heap before
{Heap before GC invocations=53 (full 5):
 PSYoungGen      total 473600K, used 473327K [0x00000000e0000000, 0x00000000ffc00000, 0x0000000100000000)
  eden space 460288K, 100% used [0x00000000e0000000,0x00000000fc180000,0x00000000fc180000)
  from space 13312K, 97% used [0x00000000fc180000,0x00000000fce3bd28,0x00000000fce80000)
  to   space 29184K, 0% used [0x00000000fdf80000,0x00000000fdf80000,0x00000000ffc00000)
 ParOldGen       total 316416K, used 170754K [0x00000000a0000000, 0x00000000b3500000, 0x00000000e0000000)
  object space 316416K, 53% used [0x00000000a0000000,0x00000000aa6c0aa8,0x00000000b3500000)
 Metaspace       used 108406K, capacity 113594K, committed 113856K, reserved 1148928K
  class space    used 13762K, capacity 14766K, committed 14848K, reserved 1048576K
Event: 300.373 GC heap after
Heap after GC invocations=53 (full 5):
 PSYoungGen      total 443904K, used 29161K [0x00000000e0000000, 0x0000000100000000, 0x0000000100000000)
  eden space 414720K, 0% used [0x00000000e0000000,0x00000000e0000000,0x00000000f9500000)
  from space 29184K, 99% used [0x00000000fdf80000,0x00000000ffbfa7f8,0x00000000ffc00000)
  to   space 54784K, 0% used [0x00000000f9500000,0x00000000f9500000,0x00000000fca80000)
 ParOldGen       total 316416K, used 227084K [0x00000000a0000000, 0x00000000b3500000, 0x00000000e0000000)
  object space 316416K, 71% used [0x00000000a0000000,0x00000000addc3108,0x00000000b3500000)
 Metaspace       used 108406K, capacity 113594K, committed 113856K, reserved 1148928K
  class space    used 13762K, capacity 14766K, committed 14848K, reserved 1048576K
}
Event: 302.065 GC heap before
{Heap before GC invocations=54 (full 5):
 PSYoungGen      total 443904K, used 443881K [0x00000000e0000000, 0x0000000100000000, 0x0000000100000000)
  eden space 414720K, 100% used [0x00000000e0000000,0x00000000f9500000,0x00000000f9500000)
  from space 29184K, 99% used [0x00000000fdf80000,0x00000000ffbfa7f8,0x00000000ffc00000)
  to   space 54784K, 0% used [0x00000000f9500000,0x00000000f9500000,0x00000000fca80000)
 ParOldGen       total 316416K, used 227084K [0x00000000a0000000, 0x00000000b3500000, 0x00000000e0000000)
  object space 316416K, 71% used [0x00000000a0000000,0x00000000addc3108,0x00000000b3500000)
 Metaspace       used 108511K, capacity 113672K, committed 113856K, reserved 1148928K
  class space    used 13765K, capacity 14767K, committed 14848K, reserved 1048576K
Event: 302.210 GC heap after
Heap after GC invocations=54 (full 5):
 PSYoungGen      total 469504K, used 54766K [0x00000000e0000000, 0x0000000100000000, 0x0000000100000000)
  eden space 414720K, 0% used [0x00000000e0000000,0x00000000e0000000,0x00000000f9500000)
  from space 54784K, 99% used [0x00000000f9500000,0x00000000fca7b8a8,0x00000000fca80000)
  to   space 54784K, 0% used [0x00000000fca80000,0x00000000fca80000,0x0000000100000000)
 ParOldGen       total 316416K, used 312880K [0x00000000a0000000, 0x00000000b3500000, 0x00000000e0000000)
  object space 316416K, 98% used [0x00000000a0000000,0x00000000b318c0b0,0x00000000b3500000)
 Metaspace       used 108511K, capacity 113672K, committed 113856K, reserved 1148928K
  class space    used 13765K, capacity 14767K, committed 14848K, reserved 1048576K
}
Event: 302.216 GC heap before
{Heap before GC invocations=55 (full 6):
 PSYoungGen      total 469504K, used 54766K [0x00000000e0000000, 0x0000000100000000, 0x0000000100000000)
  eden space 414720K, 0% used [0x00000000e0000000,0x00000000e0000000,0x00000000f9500000)
  from space 54784K, 99% used [0x00000000f9500000,0x00000000fca7b8a8,0x00000000fca80000)
  to   space 54784K, 0% used [0x00000000fca80000,0x00000000fca80000,0x0000000100000000)
 ParOldGen       total 316416K, used 312880K [0x00000000a0000000, 0x00000000b3500000, 0x00000000e0000000)
  object space 316416K, 98% used [0x00000000a0000000,0x00000000b318c0b0,0x00000000b3500000)
 Metaspace       used 108511K, capacity 113672K, committed 113856K, reserved 1148928K
  class space    used 13765K, capacity 14767K, committed 14848K, reserved 1048576K

